<?xml version="1.0" encoding="UTF-8"?>
<testsuite xmlns:xsi="http://www.w3.org/2001/XMLSchema-instance" xsi:noNamespaceSchemaLocation="https://maven.apache.org/surefire/maven-surefire-plugin/xsd/surefire-test-report-3.0.xsd" version="3.0" name="mdi_automation_task.test_runners.Runners" time="40.658" tests="5" errors="0" skipped="0" failures="0">
  <properties>
[...]
</properties>
  <testcase name="runScenario" classname="mdi_automation_task.test_runners.Runners" time="7.123"/>
  <testcase name="runScenario" classname="mdi_automation_task.test_runners.Runners" time="15.02"/>
  <testcase name="runScenario" classname="mdi_automation_task.test_runners.Runners" time="5.874"/>
  <testcase name="runScenario" classname="mdi_automation_task.test_runners.Runners" time="5.808"/>
  <testcase name="runScenario" classname="mdi_automation_task.test_runners.Runners" time="5.753"/>
</testsuite>