<?xml version="1.0" encoding="UTF-8"?>
<testng-results ignored="0" total="5" passed="5" failed="0" skipped="0">
  <reporter-output>
  </reporter-output>
  <suite started-at="2023-07-20T12:07:31 EET" name="Surefire suite" finished-at="2023-07-20T12:08:12 EET" duration-ms="41384">
    <groups>
      <group name="cucumber">
        <method signature="AbstractTestNGCucumberTests.runScenario(io.cucumber.testng.PickleWrapper,io.cucumber.testng.FeatureWrapper)[pri:0, instance:mdi_automation_task.test_runners.Runners@6e4784bc]" name="runScenario" class="io.cucumber.testng.AbstractTestNGCucumberTests"/>
      </group> <!-- cucumber -->
    </groups>
    <test started-at="2023-07-20T12:07:31 EET" name="Surefire test" finished-at="2023-07-20T12:08:12 EET" duration-ms="41384">
      <class name="mdi_automation_task.test_runners.Runners">
        <test-method is-config="true" signature="setUpClass(org.testng.ITestContext)[pri:0, instance:mdi_automation_task.test_runners.Runners@6e4784bc]" started-at="2023-07-20T12:07:31 EET" name="setUpClass" finished-at="2023-07-20T12:07:32 EET" duration-ms="498" status="PASS">
          <params>
            <param index="0">
              <value>
                <![CDATA[org.testng.TestRunner@35e74e08]]>
              </value>
            </param>
          </params>
          <reporter-output>
          </reporter-output>
        </test-method> <!-- setUpClass -->
        <test-method signature="runScenario(io.cucumber.testng.PickleWrapper,io.cucumber.testng.FeatureWrapper)[pri:0, instance:mdi_automation_task.test_runners.Runners@6e4784bc]" started-at="2023-07-20T12:07:32 EET" name="runScenario" description="Runs Cucumber Scenarios" data-provider="scenarios" finished-at="2023-07-20T12:07:40 EET" duration-ms="8033" status="PASS">
          <params>
            <param index="0">
              <value>
                <![CDATA["Verify that user cannot login with valid but not registered email"]]>
              </value>
            </param>
            <param index="1">
              <value>
                <![CDATA["F01_Login | Login to non-existing account"]]>
              </value>
            </param>
          </params>
          <reporter-output>
          </reporter-output>
        </test-method> <!-- runScenario -->
        <test-method signature="runScenario(io.cucumber.testng.PickleWrapper,io.cucumber.testng.FeatureWrapper)[pri:0, instance:mdi_automation_task.test_runners.Runners@6e4784bc]" started-at="2023-07-20T12:07:40 EET" name="runScenario" description="Runs Cucumber Scenarios" data-provider="scenarios" finished-at="2023-07-20T12:07:55 EET" duration-ms="15827" status="PASS">
          <params>
            <param index="0">
              <value>
                <![CDATA["Verify that items are added to cart correctly"]]>
              </value>
            </param>
            <param index="1">
              <value>
                <![CDATA["F02_Cart | Add product to cart"]]>
              </value>
            </param>
          </params>
          <reporter-output>
          </reporter-output>
        </test-method> <!-- runScenario -->
        <test-method signature="runScenario(io.cucumber.testng.PickleWrapper,io.cucumber.testng.FeatureWrapper)[pri:0, instance:mdi_automation_task.test_runners.Runners@6e4784bc]" started-at="2023-07-20T12:07:55 EET" name="runScenario" description="Runs Cucumber Scenarios" data-provider="scenarios" finished-at="2023-07-20T12:08:01 EET" duration-ms="5697" status="PASS">
          <params>
            <param index="0">
              <value>
                <![CDATA["Verify that you cannot see “Your Orders” page if you are not logged in"]]>
              </value>
            </param>
            <param index="1">
              <value>
                <![CDATA["F03_Authentication | Login required to display specific data"]]>
              </value>
            </param>
          </params>
          <reporter-output>
          </reporter-output>
        </test-method> <!-- runScenario -->
        <test-method signature="runScenario(io.cucumber.testng.PickleWrapper,io.cucumber.testng.FeatureWrapper)[pri:0, instance:mdi_automation_task.test_runners.Runners@6e4784bc]" started-at="2023-07-20T12:08:01 EET" name="runScenario" description="Runs Cucumber Scenarios" data-provider="scenarios" finished-at="2023-07-20T12:08:07 EET" duration-ms="5553" status="PASS">
          <params>
            <param index="0">
              <value>
                <![CDATA["Verify that you cannot see “Your Addresses” page if you are not logged in"]]>
              </value>
            </param>
            <param index="1">
              <value>
                <![CDATA["F03_Authentication | Login required to display specific data"]]>
              </value>
            </param>
          </params>
          <reporter-output>
          </reporter-output>
        </test-method> <!-- runScenario -->
        <test-method signature="runScenario(io.cucumber.testng.PickleWrapper,io.cucumber.testng.FeatureWrapper)[pri:0, instance:mdi_automation_task.test_runners.Runners@6e4784bc]" started-at="2023-07-20T12:08:07 EET" name="runScenario" description="Runs Cucumber Scenarios" data-provider="scenarios" finished-at="2023-07-20T12:08:12 EET" duration-ms="5662" status="PASS">
          <params>
            <param index="0">
              <value>
                <![CDATA["Verify that you can see “Your Lists” intro screen if you are not logged in"]]>
              </value>
            </param>
            <param index="1">
              <value>
                <![CDATA["F03_Authentication | Login required to display specific data"]]>
              </value>
            </param>
          </params>
          <reporter-output>
          </reporter-output>
        </test-method> <!-- runScenario -->
        <test-method is-config="true" signature="tearDownClass()[pri:0, instance:mdi_automation_task.test_runners.Runners@6e4784bc]" started-at="2023-07-20T12:08:12 EET" name="tearDownClass" finished-at="2023-07-20T12:08:12 EET" duration-ms="78" status="PASS">
          <reporter-output>
          </reporter-output>
        </test-method> <!-- tearDownClass -->
      </class> <!-- mdi_automation_task.test_runners.Runners -->
    </test> <!-- Surefire test -->
  </suite> <!-- Surefire suite -->
</testng-results>
