<?xml version="1.0" encoding="UTF-8"?>
<testng-results ignored="0" total="5" passed="5" failed="0" skipped="0">
  <reporter-output>
  </reporter-output>
  <suite started-at="2023-07-19T20:30:12 EET" name="Surefire suite" finished-at="2023-07-19T20:30:52 EET" duration-ms="40180">
    <groups>
      <group name="cucumber">
        <method signature="AbstractTestNGCucumberTests.runScenario(io.cucumber.testng.PickleWrapper,io.cucumber.testng.FeatureWrapper)[pri:0, instance:mdi_automation_task.test_runners.Runners@7adda9cc]" name="runScenario" class="io.cucumber.testng.AbstractTestNGCucumberTests"/>
      </group> <!-- cucumber -->
    </groups>
    <test started-at="2023-07-19T20:30:12 EET" name="Surefire test" finished-at="2023-07-19T20:30:52 EET" duration-ms="40180">
      <class name="mdi_automation_task.test_runners.Runners">
        <test-method is-config="true" signature="setUpClass(org.testng.ITestContext)[pri:0, instance:mdi_automation_task.test_runners.Runners@7adda9cc]" started-at="2023-07-19T20:30:12 EET" name="setUpClass" finished-at="2023-07-19T20:30:12 EET" duration-ms="502" status="PASS">
          <params>
            <param index="0">
              <value>
                <![CDATA[org.testng.TestRunner@450f0235]]>
              </value>
            </param>
          </params>
          <reporter-output>
          </reporter-output>
        </test-method> <!-- setUpClass -->
        <test-method signature="runScenario(io.cucumber.testng.PickleWrapper,io.cucumber.testng.FeatureWrapper)[pri:0, instance:mdi_automation_task.test_runners.Runners@7adda9cc]" started-at="2023-07-19T20:30:12 EET" name="runScenario" description="Runs Cucumber Scenarios" data-provider="scenarios" finished-at="2023-07-19T20:30:19 EET" duration-ms="7122" status="PASS">
          <params>
            <param index="0">
              <value>
                <![CDATA["Verify that user cannot login with valid but not registered email"]]>
              </value>
            </param>
            <param index="1">
              <value>
                <![CDATA["F01_Login | Login to non-existing account"]]>
              </value>
            </param>
          </params>
          <reporter-output>
          </reporter-output>
        </test-method> <!-- runScenario -->
        <test-method signature="runScenario(io.cucumber.testng.PickleWrapper,io.cucumber.testng.FeatureWrapper)[pri:0, instance:mdi_automation_task.test_runners.Runners@7adda9cc]" started-at="2023-07-19T20:30:19 EET" name="runScenario" description="Runs Cucumber Scenarios" data-provider="scenarios" finished-at="2023-07-19T20:30:34 EET" duration-ms="15019" status="PASS">
          <params>
            <param index="0">
              <value>
                <![CDATA["Verify that items are added to cart correctly"]]>
              </value>
            </param>
            <param index="1">
              <value>
                <![CDATA["F02_Cart | Add product to cart"]]>
              </value>
            </param>
          </params>
          <reporter-output>
          </reporter-output>
        </test-method> <!-- runScenario -->
        <test-method signature="runScenario(io.cucumber.testng.PickleWrapper,io.cucumber.testng.FeatureWrapper)[pri:0, instance:mdi_automation_task.test_runners.Runners@7adda9cc]" started-at="2023-07-19T20:30:34 EET" name="runScenario" description="Runs Cucumber Scenarios" data-provider="scenarios" finished-at="2023-07-19T20:30:40 EET" duration-ms="5873" status="PASS">
          <params>
            <param index="0">
              <value>
                <![CDATA["Verify that you cannot see “Your Orders” page if you are not logged in"]]>
              </value>
            </param>
            <param index="1">
              <value>
                <![CDATA["F03_Authentication | Login required to display specific data"]]>
              </value>
            </param>
          </params>
          <reporter-output>
          </reporter-output>
        </test-method> <!-- runScenario -->
        <test-method signature="runScenario(io.cucumber.testng.PickleWrapper,io.cucumber.testng.FeatureWrapper)[pri:0, instance:mdi_automation_task.test_runners.Runners@7adda9cc]" started-at="2023-07-19T20:30:40 EET" name="runScenario" description="Runs Cucumber Scenarios" data-provider="scenarios" finished-at="2023-07-19T20:30:46 EET" duration-ms="5807" status="PASS">
          <params>
            <param index="0">
              <value>
                <![CDATA["Verify that you cannot see “Your Addresses” page if you are not logged in"]]>
              </value>
            </param>
            <param index="1">
              <value>
                <![CDATA["F03_Authentication | Login required to display specific data"]]>
              </value>
            </param>
          </params>
          <reporter-output>
          </reporter-output>
        </test-method> <!-- runScenario -->
        <test-method signature="runScenario(io.cucumber.testng.PickleWrapper,io.cucumber.testng.FeatureWrapper)[pri:0, instance:mdi_automation_task.test_runners.Runners@7adda9cc]" started-at="2023-07-19T20:30:46 EET" name="runScenario" description="Runs Cucumber Scenarios" data-provider="scenarios" finished-at="2023-07-19T20:30:52 EET" duration-ms="5752" status="PASS">
          <params>
            <param index="0">
              <value>
                <![CDATA["Verify that you can see “Your Lists” intro screen if you are not logged in"]]>
              </value>
            </param>
            <param index="1">
              <value>
                <![CDATA["F03_Authentication | Login required to display specific data"]]>
              </value>
            </param>
          </params>
          <reporter-output>
          </reporter-output>
        </test-method> <!-- runScenario -->
        <test-method is-config="true" signature="tearDownClass()[pri:0, instance:mdi_automation_task.test_runners.Runners@7adda9cc]" started-at="2023-07-19T20:30:52 EET" name="tearDownClass" finished-at="2023-07-19T20:30:52 EET" duration-ms="67" status="PASS">
          <reporter-output>
          </reporter-output>
        </test-method> <!-- tearDownClass -->
      </class> <!-- mdi_automation_task.test_runners.Runners -->
    </test> <!-- Surefire test -->
  </suite> <!-- Surefire suite -->
</testng-results>
